2018-08-02 16:29:53 INFO  DataBaseUtility:144 - Don't initialize DataBase
2018-08-02 16:29:53 ERROR DataBaseUtility:145 - Cannot create JDBC driver of class '' for connect URL 'null'
java.sql.SQLException: Cannot create JDBC driver of class '' for connect URL 'null'
	at org.apache.commons.dbcp2.BasicDataSource.createConnectionFactory(BasicDataSource.java:2023)
	at org.apache.commons.dbcp2.BasicDataSource.createDataSource(BasicDataSource.java:1897)
	at org.apache.commons.dbcp2.BasicDataSource.getConnection(BasicDataSource.java:1413)
	at ru.skorikov.DataBaseUtility.dataBaseInit(DataBaseUtility.java:125)
	at ru.skorikov.DataBaseUtility.getBasicDataSource(DataBaseUtility.java:109)
	at ru.skorikov.persistent.repository.UserEntityesRepository.<init>(UserEntityesRepository.java:66)
	at ru.skorikov.persistent.repository.UserEntityesRepository.<clinit>(UserEntityesRepository.java:38)
	at ru.skorikov.persistent.repository.UserEntityesRepositoryTest.<init>(UserEntityesRepositoryTest.java:40)
	at sun.reflect.NativeConstructorAccessorImpl.newInstance0(Native Method)
	at sun.reflect.NativeConstructorAccessorImpl.newInstance(NativeConstructorAccessorImpl.java:62)
	at sun.reflect.DelegatingConstructorAccessorImpl.newInstance(DelegatingConstructorAccessorImpl.java:45)
	at java.lang.reflect.Constructor.newInstance(Constructor.java:423)
	at org.junit.runners.BlockJUnit4ClassRunner.createTest(BlockJUnit4ClassRunner.java:195)
	at org.junit.runners.BlockJUnit4ClassRunner$1.runReflectiveCall(BlockJUnit4ClassRunner.java:244)
	at org.junit.internal.runners.model.ReflectiveCallable.run(ReflectiveCallable.java:12)
	at org.junit.runners.BlockJUnit4ClassRunner.methodBlock(BlockJUnit4ClassRunner.java:241)
	at org.junit.runners.BlockJUnit4ClassRunner.runChild(BlockJUnit4ClassRunner.java:70)
	at org.junit.runners.BlockJUnit4ClassRunner.runChild(BlockJUnit4ClassRunner.java:50)
	at org.junit.runners.ParentRunner$3.run(ParentRunner.java:238)
	at org.junit.runners.ParentRunner$1.schedule(ParentRunner.java:63)
	at org.junit.runners.ParentRunner.runChildren(ParentRunner.java:236)
	at org.junit.runners.ParentRunner.access$000(ParentRunner.java:53)
	at org.junit.runners.ParentRunner$2.evaluate(ParentRunner.java:229)
	at org.junit.runners.ParentRunner.run(ParentRunner.java:309)
	at org.mockito.internal.runners.JUnit45AndHigherRunnerImpl.run(JUnit45AndHigherRunnerImpl.java:37)
	at org.mockito.runners.MockitoJUnitRunner.run(MockitoJUnitRunner.java:62)
	at org.apache.maven.surefire.junit4.JUnit4TestSet.execute(JUnit4TestSet.java:104)
	at org.apache.maven.surefire.junit4.JUnit4Provider.executeTestSet(JUnit4Provider.java:147)
	at org.apache.maven.surefire.junit4.JUnit4Provider.invoke(JUnit4Provider.java:98)
	at sun.reflect.NativeMethodAccessorImpl.invoke0(Native Method)
	at sun.reflect.NativeMethodAccessorImpl.invoke(NativeMethodAccessorImpl.java:62)
	at sun.reflect.DelegatingMethodAccessorImpl.invoke(DelegatingMethodAccessorImpl.java:43)
	at java.lang.reflect.Method.invoke(Method.java:498)
	at org.apache.maven.surefire.booter.ProviderFactory$ClassLoaderProxy.invoke(ProviderFactory.java:101)
	at com.sun.proxy.$Proxy0.invoke(Unknown Source)
	at org.apache.maven.surefire.booter.SurefireStarter.invokeProvider(SurefireStarter.java:139)
	at org.apache.maven.surefire.booter.SurefireStarter.runSuitesInProcess(SurefireStarter.java:82)
	at org.apache.maven.surefire.booter.ForkedBooter.main(ForkedBooter.java:81)
Caused by: java.lang.NullPointerException
	at org.postgresql.Driver.parseURL(Driver.java:567)
	at org.postgresql.Driver.acceptsURL(Driver.java:412)
	at java.sql.DriverManager.getDriver(DriverManager.java:299)
	at org.apache.commons.dbcp2.BasicDataSource.createConnectionFactory(BasicDataSource.java:2007)
	... 37 more
2018-08-02 16:29:57 ERROR AddressStore:104 - 
java.sql.SQLException
2018-08-02 16:29:57 ERROR AddressStore:135 - 
java.sql.SQLException
2018-08-02 16:29:57 ERROR AddressStore:121 - 
java.sql.SQLException
2018-08-02 16:29:57 ERROR AddressStore:155 - 
java.sql.SQLException
2018-08-02 16:29:57 ERROR AddressStore:215 - 
java.sql.SQLException
2018-08-02 16:29:57 ERROR AddressStore:236 - 
java.sql.SQLException
2018-08-02 16:29:57 ERROR AddressStore:258 - 
java.sql.SQLException
2018-08-02 16:29:57 ERROR AddressStore:104 - 
java.sql.SQLException
2018-08-02 16:29:57 ERROR AddressStore:135 - 
java.sql.SQLException
2018-08-02 16:29:57 ERROR AddressStore:121 - 
java.sql.SQLException
2018-08-02 16:29:57 ERROR AddressStore:155 - 
java.sql.SQLException
2018-08-02 16:29:57 ERROR AddressStore:175 - 
java.sql.SQLException
2018-08-02 16:29:57 ERROR AddressStore:194 - 
java.sql.SQLException
2018-08-02 16:29:57 ERROR AddressStore:215 - 
java.sql.SQLException
2018-08-02 16:29:57 ERROR AddressStore:236 - 
java.sql.SQLException
2018-08-02 16:29:57 ERROR AddressStore:258 - 
java.sql.SQLException
2018-08-02 16:29:59 ERROR UserMusicStore:87 - 
java.sql.SQLException
2018-08-02 16:29:59 ERROR UserMusicStore:117 - 
java.sql.SQLException
2018-08-02 16:29:59 ERROR UserMusicStore:103 - 
java.sql.SQLException
2018-08-02 16:29:59 ERROR UserMusicStore:153 - 
java.sql.SQLException
2018-08-02 16:29:59 ERROR UserMusicStore:87 - 
java.sql.SQLException
2018-08-02 16:29:59 ERROR UserMusicStore:103 - 
java.sql.SQLException
2018-08-02 16:29:59 ERROR UserMusicStore:117 - 
java.sql.SQLException
2018-08-02 16:29:59 ERROR UserMusicStore:135 - 
java.sql.SQLException
2018-08-02 16:29:59 ERROR UserMusicStore:153 - 
java.sql.SQLException
2018-08-02 16:30:00 ERROR UserMusicStore:135 - 
java.sql.SQLException
2018-08-02 16:30:00 ERROR UserMusicStore:153 - 
java.sql.SQLException
